<?xml version="1.0" encoding="UTF-8"?>
<!-- Generated by org.testng.reporters.JUnitReportReporter -->
<testsuite skipped="0" hostname="DESKTOP-DH6VK0C" name="com.Testng.GoogleTest" tests="5" failures="0" timestamp="2020-09-03T18:06:14 IST" time="37.102" errors="0">
  <testcase name="GoogleTitleTest" time="7.439" classname="com.Testng.GoogleTest"/>
  <system-out/>
  <testcase name="MailTest" time="7.401" classname="com.Testng.GoogleTest"/>
  <system-out/>
  <testcase name="Googlelogotest" time="7.510" classname="com.Testng.GoogleTest"/>
  <system-out/>
  <testcase name="test" time="7.391" classname="com.Testng.GoogleTest"/>
  <system-out/>
  <testcase name="test1" time="7.361" classname="com.Testng.GoogleTest"/>
  <system-out/>
</testsuite> <!-- com.Testng.GoogleTest -->
