<?xml version="1.0" encoding="UTF-8"?>
<!-- Generated by org.testng.reporters.JUnitReportReporter -->
<testsuite skipped="0" hostname="DESKTOP-DH6VK0C" name="com.DataDrivenTesting.ebaytesting" tests="4" failures="0" timestamp="2020-09-03T13:24:50 IST" time="36.974" errors="0">
  <testcase name="ebayregtest" time="9.195" classname="com.DataDrivenTesting.ebaytesting"/>
  <system-out/>
  <testcase name="ebayregtest" time="9.609" classname="com.DataDrivenTesting.ebaytesting"/>
  <system-out/>
  <testcase name="ebayregtest" time="8.762" classname="com.DataDrivenTesting.ebaytesting"/>
  <system-out/>
  <testcase name="ebayregtest" time="9.408" classname="com.DataDrivenTesting.ebaytesting"/>
  <system-out/>
</testsuite> <!-- com.DataDrivenTesting.ebaytesting -->
