<?xml version="1.0" encoding="UTF-8"?>
<!-- Generated by org.testng.reporters.JUnitReportReporter -->
<testsuite skipped="0" hostname="DESKTOP-DH6VK0C" name="com.Testng.ParametersTest" tests="1" failures="0" timestamp="2020-09-04T13:32:59 IST" time="8.996" errors="0">
  <testcase name="Yahoologintest" time="8.996" classname="com.Testng.ParametersTest"/>
  <system-out/>
</testsuite> <!-- com.Testng.ParametersTest -->
