<?xml version="1.0" encoding="UTF-8"?>
<!-- Generated by org.testng.reporters.JUnitReportReporter -->
<testsuite skipped="0" hostname="DESKTOP-DH6VK0C" name="com.Testng.Testngfeatures" tests="5" failures="0" timestamp="2020-09-03T18:06:14 IST" time="0.003" errors="0">
  <testcase name="manage" time="0.001" classname="com.Testng.Testngfeatures"/>
  <system-out/>
  <testcase name="logouttest" time="0.001" classname="com.Testng.Testngfeatures"/>
  <system-out/>
  <testcase name="logofftest" time="0.000" classname="com.Testng.Testngfeatures"/>
  <system-out/>
  <testcase name="zoom" time="0.000" classname="com.Testng.Testngfeatures"/>
  <system-out/>
  <testcase name="logintest" time="0.001" classname="com.Testng.Testngfeatures"/>
  <system-out/>
</testsuite> <!-- com.Testng.Testngfeatures -->
