<?xml version="1.0" encoding="UTF-8"?>
<!-- Generated by org.testng.reporters.JUnitReportReporter -->
<testsuite skipped="0" hostname="DESKTOP-DH6VK0C" name="com.Testng.Testng1" tests="3" failures="0" timestamp="2020-09-03T18:06:14 IST" time="0.005" errors="0">
  <testcase name="google12" time="0.001" classname="com.Testng.Testng1"/>
  <system-out/>
  <testcase name="searchtest" time="0.002" classname="com.Testng.Testng1"/>
  <system-out/>
  <testcase name="googletitletest" time="0.002" classname="com.Testng.Testng1"/>
  <system-out/>
</testsuite> <!-- com.Testng.Testng1 -->
