<?xml version="1.0" encoding="UTF-8"?>
<!-- Generated by org.testng.reporters.JUnitReportReporter -->
<testsuite skipped="0" hostname="DESKTOP-DH6VK0C" name="com.Testng.Invocationcounttest" tests="1" failures="0" timestamp="2020-09-03T18:06:14 IST" time="0.002" errors="0">
  <testcase name="test1" time="0.002" classname="com.Testng.Invocationcounttest"/>
  <system-out/>
</testsuite> <!-- com.Testng.Invocationcounttest -->
